<?xml version="1.0" encoding="UTF-8"?>
<!-- Generated by org.testng.reporters.JUnitReportReporter -->
<testsuite hostname="DESKTOP-KLNTJHG" failures="0" tests="1" name="runner.TestRunner" time="34.806" errors="0" timestamp="2025-06-24T18:20:42 IST" skipped="0">
  <testcase classname="runner.TestRunner" name="runScenario" time="34.806"/>
  <system-out/>
</testsuite> <!-- runner.TestRunner -->
